#
# A fatal error has been detected by the Java Runtime Environment:
#
#  EXCEPTION_ACCESS_VIOLATION (0xc0000005) at pc=0x000007fee9f98399, pid=6096, tid=304
#
# JRE version: Java(TM) SE Runtime Environment (8.0_91-b15) (build 1.8.0_91-b15)
# Java VM: Java HotSpot(TM) 64-Bit Server VM (25.91-b15 mixed mode windows-amd64 compressed oops)
# Problematic frame:
# C  [nvd3dumx.dll+0x518399]
#
# Failed to write core dump. Minidumps are not enabled by default on client versions of Windows
#
# If you would like to submit a bug report, please visit:
#   http://bugreport.java.com/bugreport/crash.jsp
# The crash happened outside the Java Virtual Machine in native code.
# See problematic frame for where to report the bug.
#

---------------  T H R E A D  ---------------

Current thread (0x00000000570ca000):  JavaThread "QuantumRenderer-0" daemon [_thread_in_native, id=304, stack(0x0000000056bd0000,0x0000000056cd0000)]

siginfo: ExceptionCode=0xc0000005, reading address 0xffffffffffffffff

Registers:
RAX=0x0000000056ccc830, RBX=0x000000000007bfbf, RCX=0x00000000582c3560, RDX=0x0000000000000000
RSP=0x0000000056ccc6e0, RBP=0x2492492492492493, RSI=0x0000000000000000, RDI=0x0000000020018000
R8 =0x0121800000067800, R9 =0x000000000007bfbf, R10=0x000007feea54f030, R11=0x00000000582c3510
R12=0x0000000056ccc8c8, R13=0x0000000000000000, R14=0x0000000000000000, R15=0x0000000056cccb58
RIP=0x000007fee9f98399, EFLAGS=0x0000000000010202

Top of Stack: (sp=0x0000000056ccc6e0)
0x0000000056ccc6e0:   00000000582a3400 0000000000000000
0x0000000056ccc6f0:   0000000000000002 000007fee9f85a12
0x0000000056ccc700:   000000000000001e 0000000000004000
0x0000000056ccc710:   0000000000000000 000007fee9f8515c
0x0000000056ccc720:   0000000056ccc760 0000000077ad3488
0x0000000056ccc730:   000000000007bfbf 00000000000004ff
0x0000000056ccc740:   0000000056ccc830 0000000056ccc8c8
0x0000000056ccc750:   0000000020018000 000007fee9f982f7
0x0000000056ccc760:   000000000007bfbf 2492492492492493
0x0000000056ccc770:   0000000000000000 0000000058314580
0x0000000056ccc780:   0000000056ccc830 0000000056ccc888
0x0000000056ccc790:   0000000000000000 000007fee9f8515c
0x0000000056ccc7a0:   0000000056cccb58 0000000000000000
0x0000000056ccc7b0:   000000000000003f 0000000056ccc8c8
0x0000000056ccc7c0:   0000000056ccc830 0000000058224700
0x0000000056ccc7d0:   0000000020018000 000007fee9f96ecc 

Instructions: (pc=0x000007fee9f98399)
0x000007fee9f98379:   ff 60 30 cc cc cc cc 48 83 ec 38 48 83 c1 50 4d
0x000007fee9f98389:   85 c9 74 21 4d 8b 41 20 48 8b 44 24 60 4c 8b 11
0x000007fee9f98399:   4d 8b 48 10 4d 8b 00 48 89 44 24 20 41 ff 52 28
0x000007fee9f983a9:   48 83 c4 38 c3 33 c0 48 83 c4 38 c3 cc cc cc cc 


Register to memory mapping:

RAX=0x0000000056ccc830 is pointing into the stack for thread: 0x00000000570ca000
RBX=0x000000000007bfbf is an unknown value
RCX=0x00000000582c3560 is an unknown value
RDX=0x0000000000000000 is an unknown value
RSP=0x0000000056ccc6e0 is pointing into the stack for thread: 0x00000000570ca000
RBP=0x2492492492492493 is an unknown value
RSI=0x0000000000000000 is an unknown value
RDI=0x0000000020018000 is an unknown value
R8 =0x0121800000067800 is an unknown value
R9 =0x000000000007bfbf is an unknown value
R10=0x000007feea54f030 is an unknown value
R11=0x00000000582c3510 is an unknown value
R12=0x0000000056ccc8c8 is pointing into the stack for thread: 0x00000000570ca000
R13=0x0000000000000000 is an unknown value
R14=0x0000000000000000 is an unknown value
R15=0x0000000056cccb58 is pointing into the stack for thread: 0x00000000570ca000


Stack: [0x0000000056bd0000,0x0000000056cd0000],  sp=0x0000000056ccc6e0,  free space=1009k
Native frames: (J=compiled Java code, j=interpreted, Vv=VM code, C=native code)
C  [nvd3dumx.dll+0x518399]
C  [nvd3dumx.dll+0x50515c]
C  [nvd3dumx.dll+0x5182f7]
C  [nvd3dumx.dll+0x50515c]
C  [nvd3dumx.dll+0x516ecc]
C  [nvd3dumx.dll+0x513a26]
C  [nvd3dumx.dll+0x51115b]
C  [nvd3dumx.dll+0x63289b]
C  [nvd3dumx.dll+0x67a62e]
C  [nvd3dumx.dll+0x69811e]
C  [nvd3dumx.dll+0x698484]
C  [nvd3dumx.dll+0x86048c]
C  [nvd3dumx.dll+0x867beb]
C  [nvd3dumx.dll+0x822d00]
C  [d3d9.dll+0x4af3]
C  [d3d9.dll+0x4675]
C  [d3d9.dll+0x460d]
C  [d3d9.dll+0x1ab76]
C  [d3d9.dll+0x1b2af]
C  [d3d9.dll+0x1af34]
C  [prism_d3d.dll+0x9ec8]
C  [prism_d3d.dll+0x8ea4]
C  0x0000000003298bb1

Java frames: (J=compiled Java code, j=interpreted, Vv=VM code)
J 3773  com.sun.prism.d3d.D3DResourceFactory.nCreateTexture(JIIZIIIZ)J (0 bytes) @ 0x0000000003298b33 [0x0000000003298ac0+0x73]
j  com.sun.prism.d3d.D3DResourceFactory.createTexture(Lcom/sun/prism/PixelFormat;Lcom/sun/prism/Texture$Usage;Lcom/sun/prism/Texture$WrapMode;IIZ)Lcom/sun/prism/d3d/D3DTexture;+144
j  com.sun.prism.d3d.D3DResourceFactory.createTexture(Lcom/sun/prism/PixelFormat;Lcom/sun/prism/Texture$Usage;Lcom/sun/prism/Texture$WrapMode;IIZ)Lcom/sun/prism/Texture;+10
j  com.sun.prism.impl.BaseResourceFactory.createTexture(Lcom/sun/prism/Image;Lcom/sun/prism/Texture$Usage;Lcom/sun/prism/Texture$WrapMode;Z)Lcom/sun/prism/Texture;+29
J 2333 C2 com.sun.prism.impl.BaseResourceFactory.getCachedTexture(Lcom/sun/prism/Image;Lcom/sun/prism/Texture$WrapMode;Z)Lcom/sun/prism/Texture; (432 bytes) @ 0x000000000303c498 [0x000000000303c180+0x318]
J 2354 C2 com.sun.javafx.sg.prism.NGImageView.renderContent(Lcom/sun/prism/Graphics;)V (248 bytes) @ 0x000000000306161c [0x0000000003061580+0x9c]
J 2812 C2 com.sun.javafx.sg.prism.NGNode.doRender(Lcom/sun/prism/Graphics;)V (473 bytes) @ 0x0000000002e05134 [0x0000000002e04f40+0x1f4]
J 2329 C2 com.sun.javafx.sg.prism.NGImageView.doRender(Lcom/sun/prism/Graphics;)V (24 bytes) @ 0x0000000003033aac [0x0000000003033a60+0x4c]
J 1677 C2 com.sun.javafx.sg.prism.NGGroup.renderContent(Lcom/sun/prism/Graphics;)V (436 bytes) @ 0x0000000002e63140 [0x0000000002e63000+0x140]
J 1676 C2 com.sun.javafx.sg.prism.NGRegion.renderContent(Lcom/sun/prism/Graphics;)V (115 bytes) @ 0x0000000002e5d2c8 [0x0000000002e5d200+0xc8]
J 2812 C2 com.sun.javafx.sg.prism.NGNode.doRender(Lcom/sun/prism/Graphics;)V (473 bytes) @ 0x0000000002e05134 [0x0000000002e04f40+0x1f4]
J 1677 C2 com.sun.javafx.sg.prism.NGGroup.renderContent(Lcom/sun/prism/Graphics;)V (436 bytes) @ 0x0000000002e63140 [0x0000000002e63000+0x140]
J 1676 C2 com.sun.javafx.sg.prism.NGRegion.renderContent(Lcom/sun/prism/Graphics;)V (115 bytes) @ 0x0000000002e5d2c8 [0x0000000002e5d200+0xc8]
J 2812 C2 com.sun.javafx.sg.prism.NGNode.doRender(Lcom/sun/prism/Graphics;)V (473 bytes) @ 0x0000000002e05134 [0x0000000002e04f40+0x1f4]
J 1677 C2 com.sun.javafx.sg.prism.NGGroup.renderContent(Lcom/sun/prism/Graphics;)V (436 bytes) @ 0x0000000002e63140 [0x0000000002e63000+0x140]
J 1676 C2 com.sun.javafx.sg.prism.NGRegion.renderContent(Lcom/sun/prism/Graphics;)V (115 bytes) @ 0x0000000002e5d2c8 [0x0000000002e5d200+0xc8]
J 2812 C2 com.sun.javafx.sg.prism.NGNode.doRender(Lcom/sun/prism/Graphics;)V (473 bytes) @ 0x0000000002e05134 [0x0000000002e04f40+0x1f4]
J 1464 C2 com.sun.javafx.sg.prism.NGNode.render(Lcom/sun/prism/Graphics;)V (38 bytes) @ 0x0000000002dcac68 [0x0000000002dcac00+0x68]
J 2022 C1 com.sun.javafx.tk.quantum.ViewPainter.doPaint(Lcom/sun/prism/Graphics;Lcom/sun/javafx/sg/prism/NodePath;)V (205 bytes) @ 0x0000000002f4df74 [0x0000000002f4d0c0+0xeb4]
J 2257 C1 com.sun.javafx.tk.quantum.ViewPainter.paintImpl(Lcom/sun/prism/Graphics;)V (1457 bytes) @ 0x0000000002ffeac4 [0x0000000002ffc100+0x29c4]
J 2461 C1 com.sun.javafx.tk.quantum.PresentingPainter.run()V (675 bytes) @ 0x00000000030dad14 [0x00000000030d76e0+0x3634]
J 2452 C1 java.util.concurrent.Executors$RunnableAdapter.call()Ljava/lang/Object; (14 bytes) @ 0x00000000030c9ccc [0x00000000030c9bc0+0x10c]
J 2451 C1 java.util.concurrent.FutureTask.runAndReset()Z (128 bytes) @ 0x00000000030ca2dc [0x00000000030ca080+0x25c]
J 2450 C1 com.sun.javafx.tk.RenderJob.run()V (105 bytes) @ 0x00000000030cda0c [0x00000000030cd980+0x8c]
j  java.util.concurrent.ThreadPoolExecutor.runWorker(Ljava/util/concurrent/ThreadPoolExecutor$Worker;)V+95
j  java.util.concurrent.ThreadPoolExecutor$Worker.run()V+5
j  com.sun.javafx.tk.quantum.QuantumRenderer$PipelineRunnable.run()V+8
j  java.lang.Thread.run()V+11
v  ~StubRoutines::call_stub

---------------  P R O C E S S  ---------------

Java Threads: ( => current thread )
  0x0000000057216000 JavaThread "TimerQueue" daemon [_thread_blocked, id=5436, stack(0x0000000062430000,0x0000000062530000)]
  0x0000000057215000 JavaThread "D3D Screen Updater" daemon [_thread_blocked, id=5372, stack(0x00000000620a0000,0x00000000621a0000)]
  0x000000005674b800 JavaThread "AWT-Windows" daemon [_thread_in_native, id=2692, stack(0x0000000060c80000,0x0000000060d80000)]
  0x0000000057677000 JavaThread "Java2D Disposer" daemon [_thread_blocked, id=1020, stack(0x0000000060b80000,0x0000000060c80000)]
  0x00000000572b8800 JavaThread "Prism Font Disposer" daemon [_thread_blocked, id=5104, stack(0x000000005dd50000,0x000000005de50000)]
  0x0000000057143800 JavaThread "JavaFX-Launcher" [_thread_blocked, id=5624, stack(0x0000000059790000,0x0000000059890000)]
  0x0000000057139000 JavaThread "Thread-2" daemon [_thread_in_native, id=2508, stack(0x0000000059640000,0x0000000059740000)]
  0x00000000570ec000 JavaThread "JavaFX Application Thread" [_thread_blocked, id=2524, stack(0x0000000058040000,0x0000000058140000)]
  0x00000000570f2000 JavaThread "Thread-1" daemon [_thread_blocked, id=1644, stack(0x0000000057ea0000,0x0000000057fa0000)]
=>0x00000000570ca000 JavaThread "QuantumRenderer-0" daemon [_thread_in_native, id=304, stack(0x0000000056bd0000,0x0000000056cd0000)]
  0x00000000566f6800 JavaThread "Service Thread" daemon [_thread_blocked, id=5872, stack(0x0000000056e60000,0x0000000056f60000)]
  0x0000000056671800 JavaThread "C1 CompilerThread2" daemon [_thread_blocked, id=2156, stack(0x0000000056d50000,0x0000000056e50000)]
  0x0000000056670800 JavaThread "C2 CompilerThread1" daemon [_thread_blocked, id=5292, stack(0x0000000056a70000,0x0000000056b70000)]
  0x000000005506a800 JavaThread "C2 CompilerThread0" daemon [_thread_blocked, id=5516, stack(0x0000000056450000,0x0000000056550000)]
  0x0000000055066800 JavaThread "Attach Listener" daemon [_thread_blocked, id=4800, stack(0x0000000056570000,0x0000000056670000)]
  0x0000000055063800 JavaThread "Signal Dispatcher" daemon [_thread_blocked, id=5028, stack(0x00000000560a0000,0x00000000561a0000)]
  0x000000005504c000 JavaThread "Finalizer" daemon [_thread_blocked, id=5880, stack(0x0000000056340000,0x0000000056440000)]
  0x0000000055005000 JavaThread "Reference Handler" daemon [_thread_blocked, id=4600, stack(0x00000000561a0000,0x00000000562a0000)]
  0x00000000021bd800 JavaThread "main" [_thread_blocked, id=5224, stack(0x0000000002550000,0x0000000002650000)]

Other Threads:
  0x0000000054ffd800 VMThread [stack: 0x0000000055f80000,0x0000000056080000] [id=5336]
  0x00000000566fe800 WatcherThread [stack: 0x0000000056fc0000,0x00000000570c0000] [id=2480]

VM state:not at safepoint (normal execution)

VM Mutex/Monitor currently owned by a thread: None

Heap:
 PSYoungGen      total 19456K, used 8933K [0x00000000eb700000, 0x00000000ece00000, 0x0000000100000000)
  eden space 15360K, 50% used [0x00000000eb700000,0x00000000ebe9fc80,0x00000000ec600000)
  from space 4096K, 27% used [0x00000000ec600000,0x00000000ec719a38,0x00000000eca00000)
  to   space 4096K, 0% used [0x00000000eca00000,0x00000000eca00000,0x00000000ece00000)
 ParOldGen       total 23040K, used 4939K [0x00000000c2400000, 0x00000000c3a80000, 0x00000000eb700000)
  object space 23040K, 21% used [0x00000000c2400000,0x00000000c28d2d88,0x00000000c3a80000)
 Metaspace       used 20705K, capacity 21360K, committed 21632K, reserved 1069056K
  class space    used 2682K, capacity 2864K, committed 2944K, reserved 1048576K

Card table byte_map: [0x0000000011ce0000,0x0000000011ed0000] byte_map_base: 0x00000000116ce000

Marking Bits: (ParMarkBitMap*) 0x000000006b842f70
 Begin Bits: [0x00000000125a0000, 0x0000000013510000)
 End Bits:   [0x0000000013510000, 0x0000000014480000)

Polling page: 0x0000000000130000

CodeCache: size=245760Kb used=9752Kb max_used=9752Kb free=236007Kb
 bounds [0x0000000002920000, 0x00000000032c0000, 0x0000000011920000]
 total_blobs=4008 nmethods=3226 adapters=694
 compilation: enabled

Compilation events (10 events):
Event: 119.116 Thread 0x0000000056671800 3806       3       com.sun.javafx.sg.prism.NGRegion::updateShape (71 bytes)
Event: 119.118 Thread 0x0000000056671800 nmethod 3806 0x0000000002a8e0d0 code [0x0000000002a8e2e0, 0x0000000002a8f088]
Event: 119.118 Thread 0x0000000056671800 3807       3       com.sun.javafx.sg.prism.NGRegion::updateBackground (261 bytes)
Event: 119.121 Thread 0x0000000056671800 nmethod 3807 0x00000000032b4150 code [0x00000000032b4480, 0x00000000032b6678]
Event: 119.121 Thread 0x0000000056671800 3808       3       com.sun.javafx.sg.prism.NGRegion::updateBorder (49 bytes)
Event: 119.122 Thread 0x0000000056671800 nmethod 3808 0x0000000002b6cc50 code [0x0000000002b6cea0, 0x0000000002b6e0f8]
Event: 119.123 Thread 0x0000000056671800 3809       3       javafx.scene.layout.Region::getOpaqueInsets (22 bytes)
Event: 119.123 Thread 0x0000000056671800 nmethod 3809 0x0000000002a8db50 code [0x0000000002a8dcc0, 0x0000000002a8e008]
Event: 119.123 Thread 0x0000000056671800 3810       3       com.sun.javafx.sg.prism.NGRegion::setOpaqueInsets (26 bytes)
Event: 119.124 Thread 0x0000000056671800 nmethod 3810 0x0000000002b6c4d0 code [0x0000000002b6c640, 0x0000000002b6caa8]

GC Heap History (10 events):
Event: 27.341 GC heap before
{Heap before GC invocations=10 (full 0):
 PSYoungGen      total 19456K, used 15744K [0x00000000eb700000, 0x00000000ece00000, 0x0000000100000000)
  eden space 15360K, 100% used [0x00000000eb700000,0x00000000ec600000,0x00000000ec600000)
  from space 4096K, 9% used [0x00000000ec600000,0x00000000ec660000,0x00000000eca00000)
  to   space 4096K, 0% used [0x00000000eca00000,0x00000000eca00000,0x00000000ece00000)
 ParOldGen       total 42496K, used 3276K [0x00000000c2400000, 0x00000000c4d80000, 0x00000000eb700000)
  object space 42496K, 7% used [0x00000000c2400000,0x00000000c27333a8,0x00000000c4d80000)
 Metaspace       used 20469K, capacity 21168K, committed 21296K, reserved 1067008K
  class space    used 2681K, capacity 2864K, committed 2944K, reserved 1048576K
Event: 27.348 GC heap after
Heap after GC invocations=10 (full 0):
 PSYoungGen      total 19456K, used 2637K [0x00000000eb700000, 0x00000000ece00000, 0x0000000100000000)
  eden space 15360K, 0% used [0x00000000eb700000,0x00000000eb700000,0x00000000ec600000)
  from space 4096K, 64% used [0x00000000eca00000,0x00000000ecc93470,0x00000000ece00000)
  to   space 4096K, 0% used [0x00000000ec600000,0x00000000ec600000,0x00000000eca00000)
 ParOldGen       total 42496K, used 3300K [0x00000000c2400000, 0x00000000c4d80000, 0x00000000eb700000)
  object space 42496K, 7% used [0x00000000c2400000,0x00000000c27393a8,0x00000000c4d80000)
 Metaspace       used 20469K, capacity 21168K, committed 21296K, reserved 1067008K
  class space    used 2681K, capacity 2864K, committed 2944K, reserved 1048576K
}
Event: 29.500 GC heap before
{Heap before GC invocations=11 (full 0):
 PSYoungGen      total 19456K, used 17997K [0x00000000eb700000, 0x00000000ece00000, 0x0000000100000000)
  eden space 15360K, 100% used [0x00000000eb700000,0x00000000ec600000,0x00000000ec600000)
  from space 4096K, 64% used [0x00000000eca00000,0x00000000ecc93470,0x00000000ece00000)
  to   space 4096K, 0% used [0x00000000ec600000,0x00000000ec600000,0x00000000eca00000)
 ParOldGen       total 42496K, used 3300K [0x00000000c2400000, 0x00000000c4d80000, 0x00000000eb700000)
  object space 42496K, 7% used [0x00000000c2400000,0x00000000c27393a8,0x00000000c4d80000)
 Metaspace       used 20522K, capacity 21168K, committed 21296K, reserved 1067008K
  class space    used 2681K, capacity 2864K, committed 2944K, reserved 1048576K
Event: 29.505 GC heap after
Heap after GC invocations=11 (full 0):
 PSYoungGen      total 19456K, used 352K [0x00000000eb700000, 0x00000000ece00000, 0x0000000100000000)
  eden space 15360K, 0% used [0x00000000eb700000,0x00000000eb700000,0x00000000ec600000)
  from space 4096K, 8% used [0x00000000ec600000,0x00000000ec658000,0x00000000eca00000)
  to   space 4096K, 0% used [0x00000000eca00000,0x00000000eca00000,0x00000000ece00000)
 ParOldGen       total 42496K, used 5478K [0x00000000c2400000, 0x00000000c4d80000, 0x00000000eb700000)
  object space 42496K, 12% used [0x00000000c2400000,0x00000000c29598c0,0x00000000c4d80000)
 Metaspace       used 20522K, capacity 21168K, committed 21296K, reserved 1067008K
  class space    used 2681K, capacity 2864K, committed 2944K, reserved 1048576K
}
Event: 39.868 GC heap before
{Heap before GC invocations=12 (full 0):
 PSYoungGen      total 19456K, used 7528K [0x00000000eb700000, 0x00000000ece00000, 0x0000000100000000)
  eden space 15360K, 46% used [0x00000000eb700000,0x00000000ebe02378,0x00000000ec600000)
  from space 4096K, 8% used [0x00000000ec600000,0x00000000ec658000,0x00000000eca00000)
  to   space 4096K, 0% used [0x00000000eca00000,0x00000000eca00000,0x00000000ece00000)
 ParOldGen       total 42496K, used 5478K [0x00000000c2400000, 0x00000000c4d80000, 0x00000000eb700000)
  object space 42496K, 12% used [0x00000000c2400000,0x00000000c29598c0,0x00000000c4d80000)
 Metaspace       used 20565K, capacity 21168K, committed 21296K, reserved 1067008K
  class space    used 2682K, capacity 2864K, committed 2944K, reserved 1048576K
Event: 39.870 GC heap after
Heap after GC invocations=12 (full 0):
 PSYoungGen      total 19456K, used 320K [0x00000000eb700000, 0x00000000ece00000, 0x0000000100000000)
  eden space 15360K, 0% used [0x00000000eb700000,0x00000000eb700000,0x00000000ec600000)
  from space 4096K, 7% used [0x00000000eca00000,0x00000000eca50000,0x00000000ece00000)
  to   space 4096K, 0% used [0x00000000ec600000,0x00000000ec600000,0x00000000eca00000)
 ParOldGen       total 42496K, used 5556K [0x00000000c2400000, 0x00000000c4d80000, 0x00000000eb700000)
  object space 42496K, 13% used [0x00000000c2400000,0x00000000c296d190,0x00000000c4d80000)
 Metaspace       used 20565K, capacity 21168K, committed 21296K, reserved 1067008K
  class space    used 2682K, capacity 2864K, committed 2944K, reserved 1048576K
}
Event: 39.870 GC heap before
{Heap before GC invocations=13 (full 1):
 PSYoungGen      total 19456K, used 320K [0x00000000eb700000, 0x00000000ece00000, 0x0000000100000000)
  eden space 15360K, 0% used [0x00000000eb700000,0x00000000eb700000,0x00000000ec600000)
  from space 4096K, 7% used [0x00000000eca00000,0x00000000eca50000,0x00000000ece00000)
  to   space 4096K, 0% used [0x00000000ec600000,0x00000000ec600000,0x00000000eca00000)
 ParOldGen       total 42496K, used 5556K [0x00000000c2400000, 0x00000000c4d80000, 0x00000000eb700000)
  object space 42496K, 13% used [0x00000000c2400000,0x00000000c296d190,0x00000000c4d80000)
 Metaspace       used 20565K, capacity 21168K, committed 21296K, reserved 1067008K
  class space    used 2682K, capacity 2864K, committed 2944K, reserved 1048576K
Event: 39.962 GC heap after
Heap after GC invocations=13 (full 1):
 PSYoungGen      total 19456K, used 0K [0x00000000eb700000, 0x00000000ece00000, 0x0000000100000000)
  eden space 15360K, 0% used [0x00000000eb700000,0x00000000eb700000,0x00000000ec600000)
  from space 4096K, 0% used [0x00000000eca00000,0x00000000eca00000,0x00000000ece00000)
  to   space 4096K, 0% used [0x00000000ec600000,0x00000000ec600000,0x00000000eca00000)
 ParOldGen       total 23040K, used 4931K [0x00000000c2400000, 0x00000000c3a80000, 0x00000000eb700000)
  object space 23040K, 21% used [0x00000000c2400000,0x00000000c28d0d88,0x00000000c3a80000)
 Metaspace       used 20565K, capacity 21168K, committed 21296K, reserved 1067008K
  class space    used 2682K, capacity 2864K, committed 2944K, reserved 1048576K
}
Event: 64.286 GC heap before
{Heap before GC invocations=14 (full 1):
 PSYoungGen      total 19456K, used 15360K [0x00000000eb700000, 0x00000000ece00000, 0x0000000100000000)
  eden space 15360K, 100% used [0x00000000eb700000,0x00000000ec600000,0x00000000ec600000)
  from space 4096K, 0% used [0x00000000eca00000,0x00000000eca00000,0x00000000ece00000)
  to   space 4096K, 0% used [0x00000000ec600000,0x00000000ec600000,0x00000000eca00000)
 ParOldGen       total 23040K, used 4931K [0x00000000c2400000, 0x00000000c3a80000, 0x00000000eb700000)
  object space 23040K, 21% used [0x00000000c2400000,0x00000000c28d0d88,0x00000000c3a80000)
 Metaspace       used 20684K, capacity 21360K, committed 21632K, reserved 1069056K
  class space    used 2682K, capacity 2864K, committed 2944K, reserved 1048576K
Event: 64.290 GC heap after
Heap after GC invocations=14 (full 1):
 PSYoungGen      total 19456K, used 1126K [0x00000000eb700000, 0x00000000ece00000, 0x0000000100000000)
  eden space 15360K, 0% used [0x00000000eb700000,0x00000000eb700000,0x00000000ec600000)
  from space 4096K, 27% used [0x00000000ec600000,0x00000000ec719a38,0x00000000eca00000)
  to   space 4096K, 0% used [0x00000000eca00000,0x00000000eca00000,0x00000000ece00000)
 ParOldGen       total 23040K, used 4939K [0x00000000c2400000, 0x00000000c3a80000, 0x00000000eb700000)
  object space 23040K, 21% used [0x00000000c2400000,0x00000000c28d2d88,0x00000000c3a80000)
 Metaspace       used 20684K, capacity 21360K, committed 21632K, reserved 1069056K
  class space    used 2682K, capacity 2864K, committed 2944K, reserved 1048576K
}

Deoptimization events (10 events):
Event: 27.306 Thread 0x00000000570ec000 Uncommon trap: reason=bimorphic action=maybe_recompile pc=0x0000000002f9e4dc method=javafx.scene.Node.transformedBoundsChanged()V @ 28
Event: 29.764 Thread 0x00000000570ca000 Uncommon trap: reason=unstable_if action=reinterpret pc=0x0000000002a32c3c method=com.sun.prism.impl.ManagedResource.bumpAge(I)V @ 7
Event: 29.882 Thread 0x00000000570ca000 Uncommon trap: reason=unstable_if action=reinterpret pc=0x00000000030a1ef4 method=com.sun.prism.impl.ManagedResource.bumpAge(I)V @ 7
Event: 30.934 Thread 0x00000000570ec000 Uncommon trap: reason=bimorphic action=maybe_recompile pc=0x0000000002f9e4dc method=javafx.scene.Node.transformedBoundsChanged()V @ 28
Event: 30.941 Thread 0x00000000570ec000 Uncommon trap: reason=class_check action=maybe_recompile pc=0x0000000002c23f20 method=javafx.scene.Node.getLocalBounds(Lcom/sun/javafx/geom/BaseBounds;Lcom/sun/javafx/geom/transform/BaseTransform;)Lcom/sun/javafx/geom/BaseBounds; @ 22
Event: 32.519 Thread 0x00000000570ec000 Uncommon trap: reason=bimorphic action=maybe_recompile pc=0x0000000002f9e4dc method=javafx.scene.Node.transformedBoundsChanged()V @ 28
Event: 32.913 Thread 0x00000000570ec000 Uncommon trap: reason=bimorphic action=maybe_recompile pc=0x0000000002f9e4dc method=javafx.scene.Node.transformedBoundsChanged()V @ 28
Event: 32.936 Thread 0x00000000570ca000 Uncommon trap: reason=null_check action=make_not_entrant pc=0x0000000002f07414 method=com.sun.prism.impl.GlyphCache.getCachedGlyph(II)Lcom/sun/prism/impl/GlyphCache$GlyphData; @ 28
Event: 38.947 Thread 0x0000000057215000 Uncommon trap: reason=unstable_if action=reinterpret pc=0x00000000030f16e8 method=java.util.concurrent.locks.ReentrantLock$Sync.tryRelease(I)Z @ 28
Event: 40.461 Thread 0x00000000570ca000 Uncommon trap: reason=null_check action=make_not_entrant pc=0x0000000002f00d48 method=com.sun.prism.impl.BaseResourcePool$WeakLinkedList.getResource()Lcom/sun/prism/impl/ManagedResource; @ 7

Internal exceptions (10 events):
Event: 22.061 Thread 0x00000000570ec000 Exception <a 'java/io/FileNotFoundException'> (0x00000000ebb78000) thrown at [C:\re\workspace\8-2-build-windows-amd64-cygwin\jdk8u91\7017\hotspot\src\share\vm\prims\jni.cpp, line 709]
Event: 22.098 Thread 0x00000000570ec000 Implicit null exception at 0x0000000002c1ce64 to 0x0000000002c1cee5
Event: 22.114 Thread 0x00000000570ec000 Exception <a 'java/io/FileNotFoundException'> (0x00000000ebbf50d0) thrown at [C:\re\workspace\8-2-build-windows-amd64-cygwin\jdk8u91\7017\hotspot\src\share\vm\prims\jni.cpp, line 709]
Event: 22.143 Thread 0x00000000570ec000 Implicit null exception at 0x0000000002c058a5 to 0x0000000002c05c01
Event: 22.188 Thread 0x00000000570ec000 Implicit null exception at 0x0000000002d76420 to 0x0000000002d7648d
Event: 22.208 Thread 0x00000000570ec000 Implicit null exception at 0x0000000002bef309 to 0x0000000002bef65d
Event: 22.209 Thread 0x00000000570ec000 Implicit null exception at 0x0000000002b2dd86 to 0x0000000002b2e0a9
Event: 23.213 Thread 0x00000000570ec000 Exception <a 'java/lang/NoSuchMethodError': <clinit>> (0x00000000ebd36990) thrown at [C:\re\workspace\8-2-build-windows-amd64-cygwin\jdk8u91\7017\hotspot\src\share\vm\prims\jni.cpp, line 1613]
Event: 24.124 Thread 0x00000000570ca000 Implicit null exception at 0x0000000002f81ca5 to 0x0000000002f829ad
Event: 40.461 Thread 0x00000000570ca000 Implicit null exception at 0x0000000002f00d04 to 0x0000000002f00d3d

Events (10 events):
Event: 65.290 Executing VM operation: RevokeBias
Event: 65.290 Executing VM operation: RevokeBias done
Event: 65.290 Thread 0x0000000057214800 Thread exited: 0x0000000057214800
Event: 116.565 Thread 0x0000000056671800 flushing nmethod 0x0000000002a2dbd0
Event: 117.402 Thread 0x000000005506a800 flushing nmethod 0x0000000002a8d8d0
Event: 117.402 Thread 0x000000005506a800 flushing nmethod 0x0000000002a8fed0
Event: 117.528 Thread 0x0000000056671800 flushing nmethod 0x0000000002b6c310
Event: 117.529 Thread 0x0000000056671800 flushing nmethod 0x0000000002c4bc50
Event: 117.530 Thread 0x0000000056671800 flushing nmethod 0x0000000002d4e210
Event: 119.112 Thread 0x0000000056671800 flushing nmethod 0x0000000002e7fc10


Dynamic libraries:
0x000000013f420000 - 0x000000013f457000 	C:\Program Files\Java\jdk1.8.0_91\jre\bin\java.exe
0x0000000077a80000 - 0x0000000077c29000 	C:\Windows\SYSTEM32\ntdll.dll
0x0000000077860000 - 0x000000007797f000 	C:\Windows\system32\kernel32.dll
0x000007fefdd30000 - 0x000007fefdd9b000 	C:\Windows\system32\KERNELBASE.dll
0x000007feffab0000 - 0x000007feffb8b000 	C:\Windows\system32\ADVAPI32.dll
0x000007feffcf0000 - 0x000007feffd8f000 	C:\Windows\system32\msvcrt.dll
0x000007fefe5a0000 - 0x000007fefe5bf000 	C:\Windows\SYSTEM32\sechost.dll
0x000007fefebf0000 - 0x000007fefed1d000 	C:\Windows\system32\RPCRT4.dll
0x0000000077980000 - 0x0000000077a7a000 	C:\Windows\system32\USER32.dll
0x000007fefdda0000 - 0x000007fefde07000 	C:\Windows\system32\GDI32.dll
0x000007fefe380000 - 0x000007fefe38e000 	C:\Windows\system32\LPK.dll
0x000007fefe5c0000 - 0x000007fefe689000 	C:\Windows\system32\USP10.dll
0x000007fefbfc0000 - 0x000007fefc1b4000 	C:\Windows\WinSxS\amd64_microsoft.windows.common-controls_6595b64144ccf1df_6.0.7601.17514_none_fa396087175ac9ac\COMCTL32.dll
0x000007feffc70000 - 0x000007feffce1000 	C:\Windows\system32\SHLWAPI.dll
0x000007fefe730000 - 0x000007fefe75e000 	C:\Windows\system32\IMM32.DLL
0x000007fefdf90000 - 0x000007fefe099000 	C:\Windows\system32\MSCTF.dll
0x000000006c090000 - 0x000000006c162000 	C:\Program Files\Java\jdk1.8.0_91\jre\bin\msvcr100.dll
0x000000006b030000 - 0x000000006b8c3000 	C:\Program Files\Java\jdk1.8.0_91\jre\bin\server\jvm.dll
0x000007fef4190000 - 0x000007fef4199000 	C:\Windows\system32\WSOCK32.dll
0x000007fefe0c0000 - 0x000007fefe10d000 	C:\Windows\system32\WS2_32.dll
0x000007fefe370000 - 0x000007fefe378000 	C:\Windows\system32\NSI.dll
0x000007fefc5f0000 - 0x000007fefc62b000 	C:\Windows\system32\WINMM.dll
0x000007fefcb10000 - 0x000007fefcb1c000 	C:\Windows\system32\VERSION.dll
0x0000000077c50000 - 0x0000000077c57000 	C:\Windows\system32\PSAPI.DLL
0x000000006d7a0000 - 0x000000006d7af000 	C:\Program Files\Java\jdk1.8.0_91\jre\bin\verify.dll
0x000000006c020000 - 0x000000006c049000 	C:\Program Files\Java\jdk1.8.0_91\jre\bin\java.dll
0x000000006c000000 - 0x000000006c016000 	C:\Program Files\Java\jdk1.8.0_91\jre\bin\zip.dll
0x000007fefed20000 - 0x000007feffaa8000 	C:\Windows\system32\SHELL32.dll
0x000007fefe390000 - 0x000007fefe593000 	C:\Windows\system32\ole32.dll
0x000007fefd9d0000 - 0x000007fefd9df000 	C:\Windows\system32\profapi.dll
0x000007fee7dd0000 - 0x000007fee7ebf000 	C:\Program Files\Java\jdk1.8.0_91\jre\bin\msvcr120.dll
0x000007fee7f00000 - 0x000007fee7fa6000 	C:\Program Files\Java\jdk1.8.0_91\jre\bin\msvcp120.dll
0x000000006ba60000 - 0x000000006ba83000 	C:\Program Files\Java\jdk1.8.0_91\jre\bin\prism_d3d.dll
0x000007feeac10000 - 0x000007feeae0f000 	C:\Windows\system32\d3d9.dll
0x000007fef4050000 - 0x000007fef4057000 	C:\Windows\system32\d3d8thk.dll
0x000007fefb750000 - 0x000007fefb768000 	C:\Windows\system32\dwmapi.dll
0x000007fefbb30000 - 0x000007fefbb86000 	C:\Windows\system32\uxtheme.dll
0x000007fee9a80000 - 0x000007feeac05000 	C:\Windows\system32\nvd3dumx.dll
0x000000006b980000 - 0x000000006b9c3000 	C:\Program Files\Java\jdk1.8.0_91\jre\bin\glass.dll
0x000007fefe690000 - 0x000007fefe727000 	C:\Windows\system32\COMDLG32.dll
0x000007feffb90000 - 0x000007feffc67000 	C:\Windows\system32\OLEAUT32.dll
0x000007fefd900000 - 0x000007fefd90f000 	C:\Windows\system32\CRYPTBASE.dll
0x000007fefc910000 - 0x000007fefc93c000 	C:\Windows\system32\powrprof.dll
0x000007fefe910000 - 0x000007fefeae7000 	C:\Windows\system32\SETUPAPI.dll
0x000007fefdb60000 - 0x000007fefdb96000 	C:\Windows\system32\CFGMGR32.dll
0x000007fefdba0000 - 0x000007fefdbba000 	C:\Windows\system32\DEVOBJ.dll
0x000000006baa0000 - 0x000000006bab4000 	C:\Program Files\Java\jdk1.8.0_91\jre\bin\javafx_font.dll
0x000007feef950000 - 0x000007feeface000 	C:\Windows\system32\dwrite.dll
0x000007fefeb50000 - 0x000007fefebe9000 	C:\Windows\system32\CLBCatQ.DLL
0x000007fefb5e0000 - 0x000007fefb70a000 	C:\Windows\system32\WindowsCodecs.dll
0x000007fefd8a0000 - 0x000007fefd8f7000 	C:\Windows\system32\apphelp.dll
0x000007fefa140000 - 0x000007fefa149000 	C:\Program Files (x86)\Internet Download Manager\IDMShellExt64.dll
0x000007fefa0b0000 - 0x000007fefa0e5000 	C:\Windows\system32\EhStorShell.dll
0x000007fefc6c0000 - 0x000007fefc7ec000 	C:\Windows\system32\PROPSYS.dll
0x000007fefa030000 - 0x000007fefa0ae000 	C:\Windows\System32\cscui.dll
0x000007fefa020000 - 0x000007fefa02c000 	C:\Windows\System32\CSCDLL.dll
0x000007fefa010000 - 0x000007fefa01f000 	C:\Windows\system32\CSCAPI.dll
0x000007fef9f90000 - 0x000007fefa010000 	C:\Windows\system32\ntshrui.dll
0x000007fefd520000 - 0x000007fefd543000 	C:\Windows\system32\srvcli.dll
0x000007fefc330000 - 0x000007fefc33b000 	C:\Windows\system32\slc.dll
0x000007fee9a20000 - 0x000007fee9a4d000 	C:\Program Files\Common Files\Microsoft Shared\Ink\rtscom.dll
0x000007fee73d0000 - 0x000007fee74b2000 	C:\Windows\system32\d2d1.dll
0x000007fefa490000 - 0x000007fefa4c4000 	C:\Windows\system32\d3d10_1.dll
0x000007fefa430000 - 0x000007fefa485000 	C:\Windows\system32\d3d10_1core.dll
0x000007fefa380000 - 0x000007fefa427000 	C:\Windows\system32\dxgi.dll
0x000007fee6da0000 - 0x000007fee6f70000 	C:\Windows\system32\D3D10Warp.dll
0x000007fefdb20000 - 0x000007fefdb5a000 	C:\Windows\system32\WINTRUST.dll
0x000007fefdbc0000 - 0x000007fefdd27000 	C:\Windows\system32\CRYPT32.dll
0x000007fefda70000 - 0x000007fefda7f000 	C:\Windows\system32\MSASN1.dll
0x000000006be20000 - 0x000000006bfb8000 	C:\Program Files\Java\jdk1.8.0_91\jre\bin\awt.dll
0x000000006bdd0000 - 0x000000006be17000 	C:\Program Files\Java\jdk1.8.0_91\jre\bin\fontmanager.dll
0x000000006bfe0000 - 0x000000006bffa000 	C:\Program Files\Java\jdk1.8.0_91\jre\bin\net.dll
0x000007fefd240000 - 0x000007fefd295000 	C:\Windows\system32\mswsock.dll
0x000007fefd230000 - 0x000007fefd237000 	C:\Windows\System32\wship6.dll
0x000000006bfc0000 - 0x000000006bfd1000 	C:\Program Files\Java\jdk1.8.0_91\jre\bin\nio.dll
0x000000006bd80000 - 0x000000006bdc2000 	C:\Program Files\Java\jdk1.8.0_91\jre\bin\t2k.dll
0x000007feefad0000 - 0x000007feefbf5000 	C:\Windows\system32\dbghelp.dll

VM Arguments:
jvm_args: -Dfile.encoding=UTF-8 
java_command: C:\Users\Amr\Documents\NetBeansProjects\Game\dist\run251686090\Game.jar
java_class_path (initial): C:\Users\Amr\Documents\NetBeansProjects\Game\dist\run251686090\Game.jar
Launcher Type: SUN_STANDARD

Environment Variables:
PATH=C:\ProgramData\Oracle\Java\javapath;C:\Program Files (x86)\NVIDIA Corporation\PhysX\Common;C:\Windows\system32;C:\Windows;C:\Windows\System32\Wbem;C:\Windows\System32\WindowsPowerShell\v1.0\
USERNAME=Amr
OS=Windows_NT
PROCESSOR_IDENTIFIER=Intel64 Family 6 Model 37 Stepping 5, GenuineIntel



---------------  S Y S T E M  ---------------

OS: Windows 7 , 64 bit Build 7601 (6.1.7601.17514)

CPU:total 4 (2 cores per cpu, 2 threads per core) family 6 model 37 stepping 5, cmov, cx8, fxsr, mmx, sse, sse2, sse3, ssse3, sse4.1, sse4.2, popcnt, aes, clmul, ht, tsc, tscinvbit

Memory: 4k page, physical 4046212k(524212k free), swap 8090580k(3579288k free)

vm_info: Java HotSpot(TM) 64-Bit Server VM (25.91-b15) for windows-amd64 JRE (1.8.0_91-b15), built on May 20 2016 17:43:15 by "java_re" with MS VC++ 10.0 (VS2010)

time: Thu Jun 01 09:28:07 2017
elapsed time: 119 seconds (0d 0h 1m 59s)

